<?xml version="1.0" encoding="UTF-8" standalone="no"?>
<testsuite failures="0" name="cucumber.runtime.formatter.JUnitFormatter" skipped="0" tests="1" time="20.41884">
<testcase classname="Bcc Page" name="Login is successful" time="20.41884">
<system-out><![CDATA[Given I navigate to BBC page................................................passed
When I click signin link....................................................passed
And I enter my valid userdetails............................................passed
And I click login...........................................................passed
And I am able to login successfully.........................................passed
And I click on search.......................................................passed
Then I click on Arts........................................................passed
]]></system-out>
</testcase>
</testsuite>
